Determining if the pthread_create exist failed with the following output:
Change Dir: /home/tojas/cuda-samples/Samples/7_libNVVM/build/CMakeFiles/CMakeTmp

Run Build Command:"/usr/bin/make" "cmTC_331e2/fast"
make[2]: Wejście do katalogu '/home/tojas/cuda-samples/Samples/7_libNVVM/build/CMakeFiles/CMakeTmp'
/usr/bin/make -f CMakeFiles/cmTC_331e2.dir/build.make CMakeFiles/cmTC_331e2.dir/build
make[3]: Wejście do katalogu '/home/tojas/cuda-samples/Samples/7_libNVVM/build/CMakeFiles/CMakeTmp'
Building C object CMakeFiles/cmTC_331e2.dir/CheckSymbolExists.c.o
/usr/bin/cc   -fPIC    -std=gnu11 -o CMakeFiles/cmTC_331e2.dir/CheckSymbolExists.c.o   -c /home/tojas/cuda-samples/Samples/7_libNVVM/build/CMakeFiles/CMakeTmp/CheckSymbolExists.c
Linking C executable cmTC_331e2
/usr/bin/cmake -E cmake_link_script CMakeFiles/cmTC_331e2.dir/link.txt --verbose=1
/usr/bin/cc -fPIC     CMakeFiles/cmTC_331e2.dir/CheckSymbolExists.c.o  -o cmTC_331e2 
CMakeFiles/cmTC_331e2.dir/CheckSymbolExists.c.o: In function `main':
CheckSymbolExists.c:(.text+0x14): undefined reference to `pthread_create'
CheckSymbolExists.c:(.text+0x18): undefined reference to `pthread_create'
collect2: error: ld returned 1 exit status
CMakeFiles/cmTC_331e2.dir/build.make:97: recipe for target 'cmTC_331e2' failed
make[3]: *** [cmTC_331e2] Error 1
make[3]: Opuszczenie katalogu '/home/tojas/cuda-samples/Samples/7_libNVVM/build/CMakeFiles/CMakeTmp'
Makefile:126: recipe for target 'cmTC_331e2/fast' failed
make[2]: *** [cmTC_331e2/fast] Error 2
make[2]: Opuszczenie katalogu '/home/tojas/cuda-samples/Samples/7_libNVVM/build/CMakeFiles/CMakeTmp'

File /home/tojas/cuda-samples/Samples/7_libNVVM/build/CMakeFiles/CMakeTmp/CheckSymbolExists.c:
/* */
#include <pthread.h>

int main(int argc, char** argv)
{
  (void)argv;
#ifndef pthread_create
  return ((int*)(&pthread_create))[argc];
#else
  (void)argc;
  return 0;
#endif
}

Determining if the function pthread_create exists in the pthreads failed with the following output:
Change Dir: /home/tojas/cuda-samples/Samples/7_libNVVM/build/CMakeFiles/CMakeTmp

Run Build Command:"/usr/bin/make" "cmTC_f87d6/fast"
make[2]: Wejście do katalogu '/home/tojas/cuda-samples/Samples/7_libNVVM/build/CMakeFiles/CMakeTmp'
/usr/bin/make -f CMakeFiles/cmTC_f87d6.dir/build.make CMakeFiles/cmTC_f87d6.dir/build
make[3]: Wejście do katalogu '/home/tojas/cuda-samples/Samples/7_libNVVM/build/CMakeFiles/CMakeTmp'
Building C object CMakeFiles/cmTC_f87d6.dir/CheckFunctionExists.c.o
/usr/bin/cc   -fPIC -DCHECK_FUNCTION_EXISTS=pthread_create   -std=gnu11 -o CMakeFiles/cmTC_f87d6.dir/CheckFunctionExists.c.o   -c /usr/share/cmake-3.10/Modules/CheckFunctionExists.c
Linking C executable cmTC_f87d6
/usr/bin/cmake -E cmake_link_script CMakeFiles/cmTC_f87d6.dir/link.txt --verbose=1
/usr/bin/cc -fPIC -DCHECK_FUNCTION_EXISTS=pthread_create    CMakeFiles/cmTC_f87d6.dir/CheckFunctionExists.c.o  -o cmTC_f87d6 -lpthreads 
/usr/bin/ld: cannot find -lpthreads
collect2: error: ld returned 1 exit status
CMakeFiles/cmTC_f87d6.dir/build.make:97: recipe for target 'cmTC_f87d6' failed
make[3]: *** [cmTC_f87d6] Error 1
make[3]: Opuszczenie katalogu '/home/tojas/cuda-samples/Samples/7_libNVVM/build/CMakeFiles/CMakeTmp'
Makefile:126: recipe for target 'cmTC_f87d6/fast' failed
make[2]: *** [cmTC_f87d6/fast] Error 2
make[2]: Opuszczenie katalogu '/home/tojas/cuda-samples/Samples/7_libNVVM/build/CMakeFiles/CMakeTmp'


